<?xml version="1.0" encoding="UTF-8"?>
<!-- Generated by org.testng.reporters.JUnitReportReporter -->
<testsuite hostname="DESKTOP-57EUCTP" failures="0" tests="3" name="ClassTest" time="29.830" errors="0" timestamp="2023-10-24T12:39:21 EEST" skipped="0">
  <testcase classname="ClassTest" name="LoginWithPerformanceUser" time="13.112"/>
  <system-out/>
  <testcase classname="ClassTest" name="LoginWithStandardUSer" time="12.840"/>
  <system-out/>
  <testcase classname="ClassTest" name="LoginWithProblemUser" time="3.878"/>
  <system-out/>
</testsuite> <!-- ClassTest -->
